[2022-04-09 20:42:17,019][line: 219] ==> creating ./cache/logs/2022-04-09-20-42.log
[2022-04-09 20:42:17,019][line: 52] ==>    Train batch size = 64
[2022-04-09 20:42:17,019][line: 53] ==>    Total steps = 7500
[2022-04-09 20:42:17,019][line: 54] ==>    Training Start!
[2022-04-09 20:44:43,498][line: 86] ==> ====Epoch:[1/10] avg_train_loss=0.89097====
[2022-04-09 20:44:43,498][line: 87] ==> ====Training epoch took: 02:26====
[2022-04-09 20:44:43,498][line: 88] ==> Running Validation...
[2022-04-09 20:44:58,290][line: 93] ==> ====Epoch:[1/10] avg_val_loss=0.93396 avg_val_acc=0.71551====
[2022-04-09 20:44:58,291][line: 94] ==> ====Validation epoch took: 02:41====
[2022-04-09 20:44:58,291][line: 95] ==> 
[2022-04-09 20:47:23,092][line: 86] ==> ====Epoch:[2/10] avg_train_loss=0.43712====
[2022-04-09 20:47:23,092][line: 87] ==> ====Training epoch took: 02:24====
[2022-04-09 20:47:23,092][line: 88] ==> Running Validation...
[2022-04-09 20:47:37,913][line: 93] ==> ====Epoch:[2/10] avg_val_loss=0.55599 avg_val_acc=0.86835====
[2022-04-09 20:47:37,913][line: 94] ==> ====Validation epoch took: 02:39====
[2022-04-09 20:47:37,913][line: 95] ==> 
[2022-04-09 20:50:04,162][line: 86] ==> ====Epoch:[3/10] avg_train_loss=0.27576====
[2022-04-09 20:50:04,162][line: 87] ==> ====Training epoch took: 02:26====
[2022-04-09 20:50:04,162][line: 88] ==> Running Validation...
[2022-04-09 20:50:18,979][line: 93] ==> ====Epoch:[3/10] avg_val_loss=0.50120 avg_val_acc=0.89412====
[2022-04-09 20:50:18,979][line: 94] ==> ====Validation epoch took: 02:41====
[2022-04-09 20:50:18,979][line: 95] ==> 
[2022-04-09 20:52:43,696][line: 86] ==> ====Epoch:[4/10] avg_train_loss=0.22478====
[2022-04-09 20:52:43,697][line: 87] ==> ====Training epoch took: 02:24====
[2022-04-09 20:52:43,697][line: 88] ==> Running Validation...
[2022-04-09 20:52:58,597][line: 93] ==> ====Epoch:[4/10] avg_val_loss=0.45129 avg_val_acc=0.91597====
[2022-04-09 20:52:58,597][line: 94] ==> ====Validation epoch took: 02:39====
[2022-04-09 20:52:58,597][line: 95] ==> 
[2022-04-09 20:55:23,741][line: 86] ==> ====Epoch:[5/10] avg_train_loss=0.18825====
[2022-04-09 20:55:23,741][line: 87] ==> ====Training epoch took: 02:25====
[2022-04-09 20:55:23,755][line: 88] ==> Running Validation...
[2022-04-09 20:55:38,623][line: 93] ==> ====Epoch:[5/10] avg_val_loss=0.42481 avg_val_acc=0.92470====
[2022-04-09 20:55:38,623][line: 94] ==> ====Validation epoch took: 02:40====
[2022-04-09 20:55:38,623][line: 95] ==> 
[2022-04-09 20:58:03,976][line: 86] ==> ====Epoch:[6/10] avg_train_loss=0.16516====
[2022-04-09 20:58:03,977][line: 87] ==> ====Training epoch took: 02:25====
[2022-04-09 20:58:03,977][line: 88] ==> Running Validation...
[2022-04-09 20:58:19,368][line: 93] ==> ====Epoch:[6/10] avg_val_loss=0.41008 avg_val_acc=0.92711====
[2022-04-09 20:58:19,369][line: 94] ==> ====Validation epoch took: 02:40====
[2022-04-09 20:58:19,369][line: 95] ==> 
[2022-04-09 21:00:43,387][line: 86] ==> ====Epoch:[7/10] avg_train_loss=0.14631====
[2022-04-09 21:00:43,387][line: 87] ==> ====Training epoch took: 02:24====
[2022-04-09 21:00:43,387][line: 88] ==> Running Validation...
[2022-04-09 21:00:57,862][line: 93] ==> ====Epoch:[7/10] avg_val_loss=0.37470 avg_val_acc=0.93609====
[2022-04-09 21:00:57,862][line: 94] ==> ====Validation epoch took: 02:38====
[2022-04-09 21:00:57,862][line: 95] ==> 
[2022-04-09 21:03:20,793][line: 86] ==> ====Epoch:[8/10] avg_train_loss=0.12686====
[2022-04-09 21:03:20,793][line: 87] ==> ====Training epoch took: 02:22====
[2022-04-09 21:03:20,793][line: 88] ==> Running Validation...
[2022-04-09 21:03:35,310][line: 93] ==> ====Epoch:[8/10] avg_val_loss=0.37030 avg_val_acc=0.93551====
[2022-04-09 21:03:35,310][line: 94] ==> ====Validation epoch took: 02:37====
[2022-04-09 21:03:35,310][line: 95] ==> 
[2022-04-09 21:06:03,032][line: 86] ==> ====Epoch:[9/10] avg_train_loss=0.12283====
[2022-04-09 21:06:03,032][line: 87] ==> ====Training epoch took: 02:27====
[2022-04-09 21:06:03,032][line: 88] ==> Running Validation...
[2022-04-09 21:06:17,720][line: 93] ==> ====Epoch:[9/10] avg_val_loss=0.35997 avg_val_acc=0.93725====
[2022-04-09 21:06:17,720][line: 94] ==> ====Validation epoch took: 02:42====
[2022-04-09 21:06:17,720][line: 95] ==> 
[2022-04-09 21:08:43,587][line: 86] ==> ====Epoch:[10/10] avg_train_loss=0.12423====
[2022-04-09 21:08:43,588][line: 87] ==> ====Training epoch took: 02:25====
[2022-04-09 21:08:43,588][line: 88] ==> Running Validation...
[2022-04-09 21:08:58,257][line: 93] ==> ====Epoch:[10/10] avg_val_loss=0.36056 avg_val_acc=0.94033====
[2022-04-09 21:08:58,257][line: 94] ==> ====Validation epoch took: 02:40====
[2022-04-09 21:08:58,257][line: 95] ==> 
[2022-04-09 21:08:58,634][line: 127] ==> 
[2022-04-09 21:08:58,634][line: 128] ==>    Training Completed!
