[2022-04-09 23:54:22,802][line: 225] ==> creating ./cache/logs/2022-04-09-23-54.log
[2022-04-09 23:54:22,802][line: 54] ==>    Train batch size = 64
[2022-04-09 23:54:22,802][line: 55] ==>    Total steps = 7500
[2022-04-09 23:54:22,802][line: 56] ==>    Training Start!
[2022-04-09 23:56:49,171][line: 88] ==> ====Epoch:[1/10] avg_train_loss=0.79052====
[2022-04-09 23:56:49,171][line: 89] ==> ====Training epoch took: 02:26====
[2022-04-09 23:56:49,171][line: 90] ==> Running Validation...
[2022-04-09 23:57:04,788][line: 95] ==> ====Epoch:[1/10] avg_val_loss=0.98110 avg_val_acc=0.70512====
[2022-04-09 23:57:04,788][line: 96] ==> ====Validation epoch took: 02:41====
[2022-04-09 23:57:04,788][line: 97] ==> 
[2022-04-09 23:59:29,837][line: 88] ==> ====Epoch:[2/10] avg_train_loss=0.37617====
[2022-04-09 23:59:29,837][line: 89] ==> ====Training epoch took: 02:25====
[2022-04-09 23:59:29,837][line: 90] ==> Running Validation...
[2022-04-09 23:59:45,039][line: 95] ==> ====Epoch:[2/10] avg_val_loss=0.68817 avg_val_acc=0.83162====
[2022-04-09 23:59:45,039][line: 96] ==> ====Validation epoch took: 02:40====
[2022-04-09 23:59:45,039][line: 97] ==> 
[2022-04-10 00:02:08,939][line: 88] ==> ====Epoch:[3/10] avg_train_loss=0.26341====
[2022-04-10 00:02:08,939][line: 89] ==> ====Training epoch took: 02:23====
[2022-04-10 00:02:08,940][line: 90] ==> Running Validation...
[2022-04-10 00:02:24,183][line: 95] ==> ====Epoch:[3/10] avg_val_loss=0.60514 avg_val_acc=0.87126====
[2022-04-10 00:02:24,183][line: 96] ==> ====Validation epoch took: 02:39====
[2022-04-10 00:02:24,183][line: 97] ==> 
[2022-04-10 00:04:48,402][line: 88] ==> ====Epoch:[4/10] avg_train_loss=0.21501====
[2022-04-10 00:04:48,402][line: 89] ==> ====Training epoch took: 02:24====
[2022-04-10 00:04:48,402][line: 90] ==> Running Validation...
[2022-04-10 00:05:03,613][line: 95] ==> ====Epoch:[4/10] avg_val_loss=0.48300 avg_val_acc=0.90010====
[2022-04-10 00:05:03,614][line: 96] ==> ====Validation epoch took: 02:39====
[2022-04-10 00:05:03,614][line: 97] ==> 
[2022-04-10 00:07:27,687][line: 88] ==> ====Epoch:[5/10] avg_train_loss=0.17764====
[2022-04-10 00:07:27,687][line: 89] ==> ====Training epoch took: 02:24====
[2022-04-10 00:07:27,687][line: 90] ==> Running Validation...
[2022-04-10 00:07:42,916][line: 95] ==> ====Epoch:[5/10] avg_val_loss=0.44431 avg_val_acc=0.91182====
[2022-04-10 00:07:42,916][line: 96] ==> ====Validation epoch took: 02:39====
[2022-04-10 00:07:42,916][line: 97] ==> 
[2022-04-10 00:10:09,527][line: 88] ==> ====Epoch:[6/10] avg_train_loss=0.16060====
[2022-04-10 00:10:09,527][line: 89] ==> ====Training epoch took: 02:26====
[2022-04-10 00:10:09,527][line: 90] ==> Running Validation...
[2022-04-10 00:10:24,916][line: 95] ==> ====Epoch:[6/10] avg_val_loss=0.40690 avg_val_acc=0.92429====
[2022-04-10 00:10:24,916][line: 96] ==> ====Validation epoch took: 02:42====
[2022-04-10 00:10:24,916][line: 97] ==> 
[2022-04-10 00:12:50,498][line: 88] ==> ====Epoch:[7/10] avg_train_loss=0.13307====
[2022-04-10 00:12:50,498][line: 89] ==> ====Training epoch took: 02:25====
[2022-04-10 00:12:50,498][line: 90] ==> Running Validation...
[2022-04-10 00:13:05,770][line: 95] ==> ====Epoch:[7/10] avg_val_loss=0.36382 avg_val_acc=0.93775====
[2022-04-10 00:13:05,770][line: 96] ==> ====Validation epoch took: 02:40====
[2022-04-10 00:13:05,770][line: 97] ==> 
[2022-04-10 00:15:29,989][line: 88] ==> ====Epoch:[8/10] avg_train_loss=0.11915====
[2022-04-10 00:15:29,989][line: 89] ==> ====Training epoch took: 02:24====
[2022-04-10 00:15:29,989][line: 90] ==> Running Validation...
[2022-04-10 00:15:45,234][line: 95] ==> ====Epoch:[8/10] avg_val_loss=0.34609 avg_val_acc=0.94141====
[2022-04-10 00:15:45,234][line: 96] ==> ====Validation epoch took: 02:39====
[2022-04-10 00:15:45,234][line: 97] ==> 
[2022-04-10 00:18:10,119][line: 88] ==> ====Epoch:[9/10] avg_train_loss=0.10920====
[2022-04-10 00:18:10,119][line: 89] ==> ====Training epoch took: 02:24====
[2022-04-10 00:18:10,119][line: 90] ==> Running Validation...
[2022-04-10 00:18:25,673][line: 95] ==> ====Epoch:[9/10] avg_val_loss=0.34493 avg_val_acc=0.94440====
[2022-04-10 00:18:25,673][line: 96] ==> ====Validation epoch took: 02:40====
[2022-04-10 00:18:25,673][line: 97] ==> 
[2022-04-10 00:21:08,030][line: 88] ==> ====Epoch:[10/10] avg_train_loss=0.10598====
[2022-04-10 00:21:08,030][line: 89] ==> ====Training epoch took: 02:42====
[2022-04-10 00:21:08,030][line: 90] ==> Running Validation...
[2022-04-10 00:21:25,618][line: 95] ==> ====Epoch:[10/10] avg_val_loss=0.34799 avg_val_acc=0.94423====
[2022-04-10 00:21:25,619][line: 96] ==> ====Validation epoch took: 02:59====
[2022-04-10 00:21:25,619][line: 97] ==> 
[2022-04-10 00:21:25,876][line: 127] ==> 
[2022-04-10 00:21:25,876][line: 128] ==>    Training Completed!
